[2026-05-28T13:55:21] [INFO] Running preflight checks
[2026-05-28T13:55:21] [INFO] Preflight checks passed.
[2026-05-28T13:55:21] [INFO] Disabling swap
[2026-05-28T13:55:21] [INFO] Swap is off.
[2026-05-28T13:55:21] [INFO] Loading kernel modules...
[2026-05-28T13:55:22] [INFO] Kernel modules loaded.
[2026-05-28T13:55:22] [INFO] Applying sysctl settings...
[2026-05-28T13:55:22] [INFO] Sysctl settings applied.
[2026-05-28T13:55:22] [INFO] containerd already running, skipping
[2026-05-28T13:55:22] [INFO] Installing kubeadm, kubelet, kubectl...
[2026-05-28T13:55:22] [INFO] Kubernetes binaries installed.
[2026-05-28T13:55:22] [INFO] Installing helm and kustomize...
[2026-05-28T13:55:23] [INFO] helm and kustomize installed.
[2026-05-28T13:55:23] [INFO] Importing bundled container images...
[2026-05-28T13:55:23] [INFO] Importing ghcr.io_flannel-io_flannel-cni-plugin_v1.7.1-flannel1.tar
[2026-05-28T13:55:23] [INFO] Importing ghcr.io_flannel-io_flannel_v0.27.0.tar
[2026-05-28T13:55:23] [INFO] Importing registry.k8s.io_coredns_coredns_v1.13.1.tar
[2026-05-28T13:55:23] [INFO] Importing registry.k8s.io_etcd_3.6.6-0.tar
[2026-05-28T13:55:24] [INFO] Importing registry.k8s.io_kube-apiserver_v1.35.5.tar
[2026-05-28T13:55:24] [INFO] Importing registry.k8s.io_kube-controller-manager_v1.35.5.tar
[2026-05-28T13:55:24] [INFO] Importing registry.k8s.io_kube-proxy_v1.35.5.tar
[2026-05-28T13:55:25] [INFO] Importing registry.k8s.io_kube-scheduler_v1.35.5.tar
[2026-05-28T13:55:25] [INFO] Importing registry.k8s.io_pause_3.10.1.tar
[2026-05-28T13:55:25] [INFO] Imported 9 image(s).
[2026-05-28T13:55:25] [INFO] === Installing master (control plane) ===
[2026-05-28T13:55:25] [INFO] Control plane already initialized — skipping kubeadm init.
namespace/kube-flannel unchanged
serviceaccount/flannel unchanged
clusterrole.rbac.authorization.k8s.io/flannel unchanged
clusterrolebinding.rbac.authorization.k8s.io/flannel unchanged
configmap/kube-flannel-cfg unchanged
daemonset.apps/kube-flannel-ds unchanged
[2026-05-28T13:55:25] [INFO] Join command saved to configs/join-command.sh
[2026-05-28T13:55:25] [INFO] Waiting for node Ready (up to 90s)...
[2026-05-28T13:55:25] [INFO] Node is Ready.
[2026-05-28T13:55:25] [INFO] Master installation complete.
[2026-05-28T13:55:25] [INFO] Done. Log: /home/vboxuser/sds-inject-project/automation-scripts/../logs/install-20260528-135521.log
